2022-11-07 13:18:41.118  INFO 13372 --- [main] l.m.p.core.PersonServiceApplication      : Starting PersonServiceApplication on LAPTOP-NBFJF94I with PID 13372 (C:\Users\Полина\Downloads\person-service\core\target\classes started by Полина in C:\Users\Полина\Downloads\person-service)
2022-11-07 13:18:41.127  INFO 13372 --- [main] l.m.p.core.PersonServiceApplication      : No active profile set, falling back to default profiles: default
2022-11-07 13:18:44.147  INFO 13372 --- [main] .s.d.r.c.RepositoryConfigurationDelegate : Multiple Spring Data modules found, entering strict repository configuration mode!
2022-11-07 13:18:44.154  INFO 13372 --- [main] .s.d.r.c.RepositoryConfigurationDelegate : Bootstrapping Spring Data JDBC repositories in DEFAULT mode.
2022-11-07 13:18:44.206  INFO 13372 --- [main] .s.d.r.c.RepositoryConfigurationDelegate : Finished Spring Data repository scanning in 37ms. Found 0 JDBC repository interfaces.
2022-11-07 13:18:44.235  INFO 13372 --- [main] .s.d.r.c.RepositoryConfigurationDelegate : Multiple Spring Data modules found, entering strict repository configuration mode!
2022-11-07 13:18:44.236  INFO 13372 --- [main] .s.d.r.c.RepositoryConfigurationDelegate : Bootstrapping Spring Data JPA repositories in DEFERRED mode.
2022-11-07 13:18:44.271  INFO 13372 --- [main] .s.d.r.c.RepositoryConfigurationDelegate : Finished Spring Data repository scanning in 21ms. Found 0 JPA repository interfaces.
2022-11-07 13:18:45.755  INFO 13372 --- [main] o.s.b.w.embedded.tomcat.TomcatWebServer  : Tomcat initialized with port(s): 8084 (http)
2022-11-07 13:18:45.784  INFO 13372 --- [main] o.apache.catalina.core.StandardService   : Starting service [Tomcat]
2022-11-07 13:18:45.785  INFO 13372 --- [main] org.apache.catalina.core.StandardEngine  : Starting Servlet engine: [Apache Tomcat/9.0.35]
2022-11-07 13:18:46.222  INFO 13372 --- [main] o.a.c.c.C.[Tomcat].[localhost].[/]       : Initializing Spring embedded WebApplicationContext
2022-11-07 13:18:46.223  INFO 13372 --- [main] o.s.web.context.ContextLoader            : Root WebApplicationContext: initialization completed in 4975 ms
2022-11-07 13:18:46.826  INFO 13372 --- [main] com.zaxxer.hikari.HikariDataSource       : HikariPool-1 - Starting...
2022-11-07 13:18:47.098  INFO 13372 --- [main] com.zaxxer.hikari.HikariDataSource       : HikariPool-1 - Start completed.
2022-11-07 13:18:47.852  INFO 13372 --- [main] liquibase.database                       : Set default schema name to public
2022-11-07 13:18:48.057  INFO 13372 --- [main] liquibase.lockservice                    : Successfully acquired change log lock
2022-11-07 13:18:48.733  INFO 13372 --- [main] liquibase.changelog                      : Reading from public.databasechangelog
2022-11-07 13:18:48.881  INFO 13372 --- [main] liquibase.lockservice                    : Successfully released change log lock
2022-11-07 13:18:49.091  INFO 13372 --- [main] o.s.s.concurrent.ThreadPoolTaskExecutor  : Initializing ExecutorService 'applicationTaskExecutor'
2022-11-07 13:18:49.184  INFO 13372 --- [task-1] o.hibernate.jpa.internal.util.LogHelper  : HHH000204: Processing PersistenceUnitInfo [name: default]
2022-11-07 13:18:49.324  INFO 13372 --- [task-1] org.hibernate.Version                    : HHH000412: Hibernate ORM core version 5.4.15.Final
2022-11-07 13:18:49.601  WARN 13372 --- [main] JpaBaseConfiguration$JpaWebConfiguration : spring.jpa.open-in-view is enabled by default. Therefore, database queries may be performed during view rendering. Explicitly configure spring.jpa.open-in-view to disable this warning
2022-11-07 13:18:49.712  INFO 13372 --- [task-1] o.hibernate.annotations.common.Version   : HCANN000001: Hibernate Commons Annotations {5.1.0.Final}
2022-11-07 13:18:50.050  INFO 13372 --- [task-1] org.hibernate.dialect.Dialect            : HHH000400: Using dialect: org.hibernate.dialect.PostgreSQL10Dialect
2022-11-07 13:18:50.229  WARN 13372 --- [main] ion$DefaultTemplateResolverConfiguration : Cannot find template location: = classpath:/templates (please add some templates or check your Thymeleaf configuration)
2022-11-07 13:18:50.601  INFO 13372 --- [task-1] o.h.e.t.j.p.i.JtaPlatformInitiator       : HHH000490: Using JtaPlatform implementation: [org.hibernate.engine.transaction.jta.platform.internal.NoJtaPlatform]
2022-11-07 13:18:50.628  INFO 13372 --- [task-1] j.LocalContainerEntityManagerFactoryBean : Initialized JPA EntityManagerFactory for persistence unit 'default'
2022-11-07 13:18:50.875  INFO 13372 --- [main] .s.s.UserDetailsServiceAutoConfiguration : 

Using generated security password: b3a5b46f-6512-41c6-b1e4-22358d6ab748

2022-11-07 13:18:51.141  INFO 13372 --- [main] o.s.s.web.DefaultSecurityFilterChain     : Creating filter chain: any request, [org.springframework.security.web.context.request.async.WebAsyncManagerIntegrationFilter@3245efdb, org.springframework.security.web.context.SecurityContextPersistenceFilter@2095c331, org.springframework.security.web.header.HeaderWriterFilter@578d472a, org.springframework.security.web.csrf.CsrfFilter@be1c08a, org.springframework.security.web.authentication.logout.LogoutFilter@7ccf6114, org.springframework.security.web.authentication.UsernamePasswordAuthenticationFilter@2d7aa291, org.springframework.security.web.authentication.ui.DefaultLoginPageGeneratingFilter@40ddf339, org.springframework.security.web.authentication.ui.DefaultLogoutPageGeneratingFilter@2f0e7fa8, org.springframework.security.web.authentication.www.BasicAuthenticationFilter@72ec16f8, org.springframework.security.web.savedrequest.RequestCacheAwareFilter@7b795db7, org.springframework.security.web.servletapi.SecurityContextHolderAwareRequestFilter@55f6f965, org.springframework.security.web.authentication.AnonymousAuthenticationFilter@24d7657b, org.springframework.security.web.session.SessionManagementFilter@54b2d002, org.springframework.security.web.access.ExceptionTranslationFilter@7296fe0b, org.springframework.security.web.access.intercept.FilterSecurityInterceptor@6c06b1bc]
2022-11-07 13:18:51.450  INFO 13372 --- [main] o.s.b.a.e.web.EndpointLinksResolver      : Exposing 14 endpoint(s) beneath base path '/actuator'
2022-11-07 13:18:51.628  INFO 13372 --- [main] o.s.b.w.embedded.tomcat.TomcatWebServer  : Tomcat started on port(s): 8084 (http) with context path ''
2022-11-07 13:18:51.632  INFO 13372 --- [main] DeferredRepositoryInitializationListener : Triggering deferred initialization of Spring Data repositories…
2022-11-07 13:18:51.633  INFO 13372 --- [main] DeferredRepositoryInitializationListener : Spring Data repositories initialized!
2022-11-07 13:18:51.678  INFO 13372 --- [main] l.m.p.core.PersonServiceApplication      : Started PersonServiceApplication in 11.626 seconds (JVM running for 14.125)
2022-11-07 13:18:52.241  INFO 13372 --- [RMI TCP Connection(2)-192.168.31.12] o.a.c.c.C.[Tomcat].[localhost].[/]       : Initializing Spring DispatcherServlet 'dispatcherServlet'
2022-11-07 13:18:52.243  INFO 13372 --- [RMI TCP Connection(2)-192.168.31.12] o.s.web.servlet.DispatcherServlet        : Initializing Servlet 'dispatcherServlet'
2022-11-07 13:18:52.262  INFO 13372 --- [RMI TCP Connection(2)-192.168.31.12] o.s.web.servlet.DispatcherServlet        : Completed initialization in 18 ms
2022-11-07 13:50:10.500  WARN 13372 --- [HikariPool-1 housekeeper] com.zaxxer.hikari.pool.HikariPool        : HikariPool-1 - Thread starvation or clock leap detected (housekeeper delta=13m53s55ms366µs600ns).
2022-11-07 14:38:14.222  WARN 13372 --- [HikariPool-1 housekeeper] com.zaxxer.hikari.pool.HikariPool        : HikariPool-1 - Thread starvation or clock leap detected (housekeeper delta=27m3s428ms99µs200ns).
2022-11-07 14:49:17.213  WARN 13372 --- [HikariPool-1 housekeeper] com.zaxxer.hikari.pool.HikariPool        : HikariPool-1 - Thread starvation or clock leap detected (housekeeper delta=11m3s33ms814µs200ns).
2022-11-07 14:50:23.557  INFO 13372 --- [SpringContextShutdownHook] j.LocalContainerEntityManagerFactoryBean : Closing JPA EntityManagerFactory for persistence unit 'default'
2022-11-07 14:50:23.578  INFO 13372 --- [SpringContextShutdownHook] o.s.s.concurrent.ThreadPoolTaskExecutor  : Shutting down ExecutorService 'applicationTaskExecutor'
2022-11-07 14:50:23.583  INFO 13372 --- [SpringContextShutdownHook] com.zaxxer.hikari.HikariDataSource       : HikariPool-1 - Shutdown initiated...
2022-11-07 14:50:23.596  INFO 13372 --- [SpringContextShutdownHook] com.zaxxer.hikari.HikariDataSource       : HikariPool-1 - Shutdown completed.
2022-11-07 15:01:27.762  INFO 17708 --- [main] l.m.p.core.PersonServiceApplication      : Starting PersonServiceApplication on LAPTOP-NBFJF94I with PID 17708 (C:\Users\Полина\Downloads\person-service\core\target\classes started by Полина in C:\Users\Полина\Downloads\person-service)
2022-11-07 15:01:27.771  INFO 17708 --- [main] l.m.p.core.PersonServiceApplication      : No active profile set, falling back to default profiles: default
2022-11-07 15:01:30.717  INFO 17708 --- [main] .s.d.r.c.RepositoryConfigurationDelegate : Multiple Spring Data modules found, entering strict repository configuration mode!
2022-11-07 15:01:30.720  INFO 17708 --- [main] .s.d.r.c.RepositoryConfigurationDelegate : Bootstrapping Spring Data JDBC repositories in DEFAULT mode.
2022-11-07 15:01:30.764  INFO 17708 --- [main] .s.d.r.c.RepositoryConfigurationDelegate : Finished Spring Data repository scanning in 30ms. Found 0 JDBC repository interfaces.
2022-11-07 15:01:30.789  INFO 17708 --- [main] .s.d.r.c.RepositoryConfigurationDelegate : Multiple Spring Data modules found, entering strict repository configuration mode!
2022-11-07 15:01:30.790  INFO 17708 --- [main] .s.d.r.c.RepositoryConfigurationDelegate : Bootstrapping Spring Data JPA repositories in DEFERRED mode.
2022-11-07 15:01:30.820  INFO 17708 --- [main] .s.d.r.c.RepositoryConfigurationDelegate : Finished Spring Data repository scanning in 19ms. Found 0 JPA repository interfaces.
2022-11-07 15:01:32.289  INFO 17708 --- [main] o.s.b.w.embedded.tomcat.TomcatWebServer  : Tomcat initialized with port(s): 8084 (http)
2022-11-07 15:01:32.318  INFO 17708 --- [main] o.apache.catalina.core.StandardService   : Starting service [Tomcat]
2022-11-07 15:01:32.319  INFO 17708 --- [main] org.apache.catalina.core.StandardEngine  : Starting Servlet engine: [Apache Tomcat/9.0.35]
2022-11-07 15:01:32.725  INFO 17708 --- [main] o.a.c.c.C.[Tomcat].[localhost].[/]       : Initializing Spring embedded WebApplicationContext
2022-11-07 15:01:32.727  INFO 17708 --- [main] o.s.web.context.ContextLoader            : Root WebApplicationContext: initialization completed in 4845 ms
2022-11-07 15:01:33.363  INFO 17708 --- [main] com.zaxxer.hikari.HikariDataSource       : HikariPool-1 - Starting...
2022-11-07 15:01:33.687  INFO 17708 --- [main] com.zaxxer.hikari.HikariDataSource       : HikariPool-1 - Start completed.
2022-11-07 15:01:34.555  INFO 17708 --- [main] liquibase.database                       : Set default schema name to public
2022-11-07 15:01:34.801  INFO 17708 --- [main] liquibase.lockservice                    : Successfully acquired change log lock
2022-11-07 15:01:35.465  INFO 17708 --- [main] liquibase.changelog                      : Reading from public.databasechangelog
2022-11-07 15:01:35.650  INFO 17708 --- [main] liquibase.lockservice                    : Successfully released change log lock
2022-11-07 15:01:35.911  INFO 17708 --- [main] o.s.s.concurrent.ThreadPoolTaskExecutor  : Initializing ExecutorService 'applicationTaskExecutor'
2022-11-07 15:01:36.012  INFO 17708 --- [task-1] o.hibernate.jpa.internal.util.LogHelper  : HHH000204: Processing PersistenceUnitInfo [name: default]
2022-11-07 15:01:36.175  INFO 17708 --- [task-1] org.hibernate.Version                    : HHH000412: Hibernate ORM core version 5.4.15.Final
2022-11-07 15:01:36.454  WARN 17708 --- [main] JpaBaseConfiguration$JpaWebConfiguration : spring.jpa.open-in-view is enabled by default. Therefore, database queries may be performed during view rendering. Explicitly configure spring.jpa.open-in-view to disable this warning
2022-11-07 15:01:36.597  INFO 17708 --- [task-1] o.hibernate.annotations.common.Version   : HCANN000001: Hibernate Commons Annotations {5.1.0.Final}
2022-11-07 15:01:36.990  INFO 17708 --- [task-1] org.hibernate.dialect.Dialect            : HHH000400: Using dialect: org.hibernate.dialect.PostgreSQL10Dialect
2022-11-07 15:01:37.105  WARN 17708 --- [main] ion$DefaultTemplateResolverConfiguration : Cannot find template location: = classpath:/templates (please add some templates or check your Thymeleaf configuration)
2022-11-07 15:01:37.576  INFO 17708 --- [task-1] o.h.e.t.j.p.i.JtaPlatformInitiator       : HHH000490: Using JtaPlatform implementation: [org.hibernate.engine.transaction.jta.platform.internal.NoJtaPlatform]
2022-11-07 15:01:37.595  INFO 17708 --- [task-1] j.LocalContainerEntityManagerFactoryBean : Initialized JPA EntityManagerFactory for persistence unit 'default'
2022-11-07 15:01:37.790  INFO 17708 --- [main] .s.s.UserDetailsServiceAutoConfiguration : 

Using generated security password: b66e9b8c-d93c-404c-8fdc-2330c3163e40

2022-11-07 15:01:38.050  INFO 17708 --- [main] o.s.s.web.DefaultSecurityFilterChain     : Creating filter chain: any request, [org.springframework.security.web.context.request.async.WebAsyncManagerIntegrationFilter@4bb9f7d4, org.springframework.security.web.context.SecurityContextPersistenceFilter@51df2a41, org.springframework.security.web.header.HeaderWriterFilter@3749c2b, org.springframework.security.web.csrf.CsrfFilter@7ccf6114, org.springframework.security.web.authentication.logout.LogoutFilter@2ac9e53c, org.springframework.security.web.authentication.UsernamePasswordAuthenticationFilter@45539bd8, org.springframework.security.web.authentication.ui.DefaultLoginPageGeneratingFilter@21e702b8, org.springframework.security.web.authentication.ui.DefaultLogoutPageGeneratingFilter@673a9db4, org.springframework.security.web.authentication.www.BasicAuthenticationFilter@30665461, org.springframework.security.web.savedrequest.RequestCacheAwareFilter@7c0b0bd9, org.springframework.security.web.servletapi.SecurityContextHolderAwareRequestFilter@29bd056a, org.springframework.security.web.authentication.AnonymousAuthenticationFilter@183ef89a, org.springframework.security.web.session.SessionManagementFilter@64d93096, org.springframework.security.web.access.ExceptionTranslationFilter@7d156f8f, org.springframework.security.web.access.intercept.FilterSecurityInterceptor@c0004b7]
2022-11-07 15:01:38.358  INFO 17708 --- [main] o.s.b.a.e.web.EndpointLinksResolver      : Exposing 12 endpoint(s) beneath base path '/actuator'
2022-11-07 15:01:38.524  INFO 17708 --- [main] o.s.b.w.embedded.tomcat.TomcatWebServer  : Tomcat started on port(s): 8084 (http) with context path ''
2022-11-07 15:01:38.528  INFO 17708 --- [main] DeferredRepositoryInitializationListener : Triggering deferred initialization of Spring Data repositories…
2022-11-07 15:01:38.529  INFO 17708 --- [main] DeferredRepositoryInitializationListener : Spring Data repositories initialized!
2022-11-07 15:01:38.569  INFO 17708 --- [main] l.m.p.core.PersonServiceApplication      : Started PersonServiceApplication in 11.841 seconds (JVM running for 14.689)
2022-11-07 15:01:39.515  INFO 17708 --- [RMI TCP Connection(3)-192.168.31.12] o.a.c.c.C.[Tomcat].[localhost].[/]       : Initializing Spring DispatcherServlet 'dispatcherServlet'
2022-11-07 15:01:39.516  INFO 17708 --- [RMI TCP Connection(3)-192.168.31.12] o.s.web.servlet.DispatcherServlet        : Initializing Servlet 'dispatcherServlet'
2022-11-07 15:01:39.539  INFO 17708 --- [RMI TCP Connection(3)-192.168.31.12] o.s.web.servlet.DispatcherServlet        : Completed initialization in 23 ms
2022-11-07 15:01:58.650  WARN 17708 --- [http-nio-8084-exec-1] o.a.c.util.SessionIdGeneratorBase        : Creation of SecureRandom instance for session ID generation using [SHA1PRNG] took [380] milliseconds.
2022-11-07 15:02:18.025  INFO 17708 --- [SpringContextShutdownHook] j.LocalContainerEntityManagerFactoryBean : Closing JPA EntityManagerFactory for persistence unit 'default'
2022-11-07 15:02:18.030  INFO 17708 --- [SpringContextShutdownHook] o.s.s.concurrent.ThreadPoolTaskExecutor  : Shutting down ExecutorService 'applicationTaskExecutor'
2022-11-07 15:02:18.033  INFO 17708 --- [SpringContextShutdownHook] com.zaxxer.hikari.HikariDataSource       : HikariPool-1 - Shutdown initiated...
2022-11-07 15:02:18.045  INFO 17708 --- [SpringContextShutdownHook] com.zaxxer.hikari.HikariDataSource       : HikariPool-1 - Shutdown completed.
2022-11-07 15:04:23.598  INFO 15460 --- [main] l.m.p.core.PersonServiceApplication      : Starting PersonServiceApplication on LAPTOP-NBFJF94I with PID 15460 (C:\Users\Полина\Downloads\person-service\core\target\classes started by Полина in C:\Users\Полина\Downloads\person-service)
2022-11-07 15:04:23.610  INFO 15460 --- [main] l.m.p.core.PersonServiceApplication      : No active profile set, falling back to default profiles: default
2022-11-07 15:04:26.536  INFO 15460 --- [main] .s.d.r.c.RepositoryConfigurationDelegate : Multiple Spring Data modules found, entering strict repository configuration mode!
2022-11-07 15:04:26.539  INFO 15460 --- [main] .s.d.r.c.RepositoryConfigurationDelegate : Bootstrapping Spring Data JDBC repositories in DEFAULT mode.
2022-11-07 15:04:26.575  INFO 15460 --- [main] .s.d.r.c.RepositoryConfigurationDelegate : Finished Spring Data repository scanning in 25ms. Found 0 JDBC repository interfaces.
2022-11-07 15:04:26.594  INFO 15460 --- [main] .s.d.r.c.RepositoryConfigurationDelegate : Multiple Spring Data modules found, entering strict repository configuration mode!
2022-11-07 15:04:26.595  INFO 15460 --- [main] .s.d.r.c.RepositoryConfigurationDelegate : Bootstrapping Spring Data JPA repositories in DEFERRED mode.
2022-11-07 15:04:26.622  INFO 15460 --- [main] .s.d.r.c.RepositoryConfigurationDelegate : Finished Spring Data repository scanning in 15ms. Found 0 JPA repository interfaces.
2022-11-07 15:04:28.127  INFO 15460 --- [main] o.s.b.w.embedded.tomcat.TomcatWebServer  : Tomcat initialized with port(s): 8084 (http)
2022-11-07 15:04:28.155  INFO 15460 --- [main] o.apache.catalina.core.StandardService   : Starting service [Tomcat]
2022-11-07 15:04:28.156  INFO 15460 --- [main] org.apache.catalina.core.StandardEngine  : Starting Servlet engine: [Apache Tomcat/9.0.35]
2022-11-07 15:04:28.538  INFO 15460 --- [main] o.a.c.c.C.[Tomcat].[localhost].[/]       : Initializing Spring embedded WebApplicationContext
2022-11-07 15:04:28.539  INFO 15460 --- [main] o.s.web.context.ContextLoader            : Root WebApplicationContext: initialization completed in 4795 ms
2022-11-07 15:04:29.141  WARN 15460 --- [main] ConfigServletWebServerApplicationContext : Exception encountered during context initialization - cancelling refresh attempt: org.springframework.beans.factory.BeanCreationException: Error creating bean with name 'liquibase' defined in class path resource [org/springframework/boot/autoconfigure/liquibase/LiquibaseAutoConfiguration$LiquibaseConfiguration.class]: Bean instantiation via factory method failed; nested exception is org.springframework.beans.BeanInstantiationException: Failed to instantiate [liquibase.integration.spring.SpringLiquibase]: Factory method 'liquibase' threw exception; nested exception is org.springframework.beans.factory.BeanCreationException: Error creating bean with name 'dataSource' defined in class path resource [org/springframework/boot/autoconfigure/jdbc/DataSourceConfiguration$Hikari.class]: Initialization of bean failed; nested exception is org.springframework.beans.factory.BeanCreationException: Error creating bean with name 'org.springframework.boot.autoconfigure.jdbc.DataSourceInitializerInvoker': Invocation of init method failed; nested exception is org.springframework.boot.context.properties.source.InvalidConfigurationPropertyValueException: Property spring.datasource.schema with value 'class path resource [db/0.0.1/schema.sql]' is invalid: The specified resource does not exist.
2022-11-07 15:04:29.148  INFO 15460 --- [main] o.apache.catalina.core.StandardService   : Stopping service [Tomcat]
2022-11-07 15:04:29.198  INFO 15460 --- [main] ConditionEvaluationReportLoggingListener : 

Error starting ApplicationContext. To display the conditions report re-run your application with 'debug' enabled.
2022-11-07 15:04:29.237 ERROR 15460 --- [main] o.s.boot.SpringApplication               : Application run failed

org.springframework.beans.factory.BeanCreationException: Error creating bean with name 'liquibase' defined in class path resource [org/springframework/boot/autoconfigure/liquibase/LiquibaseAutoConfiguration$LiquibaseConfiguration.class]: Bean instantiation via factory method failed; nested exception is org.springframework.beans.BeanInstantiationException: Failed to instantiate [liquibase.integration.spring.SpringLiquibase]: Factory method 'liquibase' threw exception; nested exception is org.springframework.beans.factory.BeanCreationException: Error creating bean with name 'dataSource' defined in class path resource [org/springframework/boot/autoconfigure/jdbc/DataSourceConfiguration$Hikari.class]: Initialization of bean failed; nested exception is org.springframework.beans.factory.BeanCreationException: Error creating bean with name 'org.springframework.boot.autoconfigure.jdbc.DataSourceInitializerInvoker': Invocation of init method failed; nested exception is org.springframework.boot.context.properties.source.InvalidConfigurationPropertyValueException: Property spring.datasource.schema with value 'class path resource [db/0.0.1/schema.sql]' is invalid: The specified resource does not exist.
	at org.springframework.beans.factory.support.ConstructorResolver.instantiate(ConstructorResolver.java:656) ~[spring-beans-5.2.6.RELEASE.jar:5.2.6.RELEASE]
	at org.springframework.beans.factory.support.ConstructorResolver.instantiateUsingFactoryMethod(ConstructorResolver.java:636) ~[spring-beans-5.2.6.RELEASE.jar:5.2.6.RELEASE]
	at org.springframework.beans.factory.support.AbstractAutowireCapableBeanFactory.instantiateUsingFactoryMethod(AbstractAutowireCapableBeanFactory.java:1338) ~[spring-beans-5.2.6.RELEASE.jar:5.2.6.RELEASE]
	at org.springframework.beans.factory.support.AbstractAutowireCapableBeanFactory.createBeanInstance(AbstractAutowireCapableBeanFactory.java:1177) ~[spring-beans-5.2.6.RELEASE.jar:5.2.6.RELEASE]
	at org.springframework.beans.factory.support.AbstractAutowireCapableBeanFactory.doCreateBean(AbstractAutowireCapableBeanFactory.java:557) ~[spring-beans-5.2.6.RELEASE.jar:5.2.6.RELEASE]
	at org.springframework.beans.factory.support.AbstractAutowireCapableBeanFactory.createBean(AbstractAutowireCapableBeanFactory.java:517) ~[spring-beans-5.2.6.RELEASE.jar:5.2.6.RELEASE]
	at org.springframework.beans.factory.support.AbstractBeanFactory.lambda$doGetBean$0(AbstractBeanFactory.java:323) ~[spring-beans-5.2.6.RELEASE.jar:5.2.6.RELEASE]
	at org.springframework.beans.factory.support.DefaultSingletonBeanRegistry.getSingleton(DefaultSingletonBeanRegistry.java:226) ~[spring-beans-5.2.6.RELEASE.jar:5.2.6.RELEASE]
	at org.springframework.beans.factory.support.AbstractBeanFactory.doGetBean(AbstractBeanFactory.java:321) ~[spring-beans-5.2.6.RELEASE.jar:5.2.6.RELEASE]
	at org.springframework.beans.factory.support.AbstractBeanFactory.getBean(AbstractBeanFactory.java:202) ~[spring-beans-5.2.6.RELEASE.jar:5.2.6.RELEASE]
	at org.springframework.beans.factory.support.AbstractBeanFactory.doGetBean(AbstractBeanFactory.java:310) ~[spring-beans-5.2.6.RELEASE.jar:5.2.6.RELEASE]
	at org.springframework.beans.factory.support.AbstractBeanFactory.getBean(AbstractBeanFactory.java:202) ~[spring-beans-5.2.6.RELEASE.jar:5.2.6.RELEASE]
	at org.springframework.context.support.AbstractApplicationContext.getBean(AbstractApplicationContext.java:1108) ~[spring-context-5.2.6.RELEASE.jar:5.2.6.RELEASE]
	at org.springframework.context.support.AbstractApplicationContext.finishBeanFactoryInitialization(AbstractApplicationContext.java:868) ~[spring-context-5.2.6.RELEASE.jar:5.2.6.RELEASE]
	at org.springframework.context.support.AbstractApplicationContext.refresh(AbstractApplicationContext.java:550) ~[spring-context-5.2.6.RELEASE.jar:5.2.6.RELEASE]
	at org.springframework.boot.web.servlet.context.ServletWebServerApplicationContext.refresh(ServletWebServerApplicationContext.java:143) ~[spring-boot-2.3.0.RELEASE.jar:2.3.0.RELEASE]
	at org.springframework.boot.SpringApplication.refresh(SpringApplication.java:758) ~[spring-boot-2.3.0.RELEASE.jar:2.3.0.RELEASE]
	at org.springframework.boot.SpringApplication.refresh(SpringApplication.java:750) ~[spring-boot-2.3.0.RELEASE.jar:2.3.0.RELEASE]
	at org.springframework.boot.SpringApplication.refreshContext(SpringApplication.java:397) ~[spring-boot-2.3.0.RELEASE.jar:2.3.0.RELEASE]
	at org.springframework.boot.SpringApplication.run(SpringApplication.java:315) ~[spring-boot-2.3.0.RELEASE.jar:2.3.0.RELEASE]
	at org.springframework.boot.SpringApplication.run(SpringApplication.java:1237) ~[spring-boot-2.3.0.RELEASE.jar:2.3.0.RELEASE]
	at org.springframework.boot.SpringApplication.run(SpringApplication.java:1226) ~[spring-boot-2.3.0.RELEASE.jar:2.3.0.RELEASE]
	at liga.medical.personservice.core.PersonServiceApplication.main(PersonServiceApplication.java:12) ~[classes/:na]
Caused by: org.springframework.beans.BeanInstantiationException: Failed to instantiate [liquibase.integration.spring.SpringLiquibase]: Factory method 'liquibase' threw exception; nested exception is org.springframework.beans.factory.BeanCreationException: Error creating bean with name 'dataSource' defined in class path resource [org/springframework/boot/autoconfigure/jdbc/DataSourceConfiguration$Hikari.class]: Initialization of bean failed; nested exception is org.springframework.beans.factory.BeanCreationException: Error creating bean with name 'org.springframework.boot.autoconfigure.jdbc.DataSourceInitializerInvoker': Invocation of init method failed; nested exception is org.springframework.boot.context.properties.source.InvalidConfigurationPropertyValueException: Property spring.datasource.schema with value 'class path resource [db/0.0.1/schema.sql]' is invalid: The specified resource does not exist.
	at org.springframework.beans.factory.support.SimpleInstantiationStrategy.instantiate(SimpleInstantiationStrategy.java:185) ~[spring-beans-5.2.6.RELEASE.jar:5.2.6.RELEASE]
	at org.springframework.beans.factory.support.ConstructorResolver.instantiate(ConstructorResolver.java:651) ~[spring-beans-5.2.6.RELEASE.jar:5.2.6.RELEASE]
	... 22 common frames omitted
Caused by: org.springframework.beans.factory.BeanCreationException: Error creating bean with name 'dataSource' defined in class path resource [org/springframework/boot/autoconfigure/jdbc/DataSourceConfiguration$Hikari.class]: Initialization of bean failed; nested exception is org.springframework.beans.factory.BeanCreationException: Error creating bean with name 'org.springframework.boot.autoconfigure.jdbc.DataSourceInitializerInvoker': Invocation of init method failed; nested exception is org.springframework.boot.context.properties.source.InvalidConfigurationPropertyValueException: Property spring.datasource.schema with value 'class path resource [db/0.0.1/schema.sql]' is invalid: The specified resource does not exist.
	at org.springframework.beans.factory.support.AbstractAutowireCapableBeanFactory.doCreateBean(AbstractAutowireCapableBeanFactory.java:603) ~[spring-beans-5.2.6.RELEASE.jar:5.2.6.RELEASE]
	at org.springframework.beans.factory.support.AbstractAutowireCapableBeanFactory.createBean(AbstractAutowireCapableBeanFactory.java:517) ~[spring-beans-5.2.6.RELEASE.jar:5.2.6.RELEASE]
	at org.springframework.beans.factory.support.AbstractBeanFactory.lambda$doGetBean$0(AbstractBeanFactory.java:323) ~[spring-beans-5.2.6.RELEASE.jar:5.2.6.RELEASE]
	at org.springframework.beans.factory.support.DefaultSingletonBeanRegistry.getSingleton(DefaultSingletonBeanRegistry.java:226) ~[spring-beans-5.2.6.RELEASE.jar:5.2.6.RELEASE]
	at org.springframework.beans.factory.support.AbstractBeanFactory.doGetBean(AbstractBeanFactory.java:321) ~[spring-beans-5.2.6.RELEASE.jar:5.2.6.RELEASE]
	at org.springframework.beans.factory.support.AbstractBeanFactory.getBean(AbstractBeanFactory.java:202) ~[spring-beans-5.2.6.RELEASE.jar:5.2.6.RELEASE]
	at org.springframework.beans.factory.config.DependencyDescriptor.resolveCandidate(DependencyDescriptor.java:276) ~[spring-beans-5.2.6.RELEASE.jar:5.2.6.RELEASE]
	at org.springframework.beans.factory.support.DefaultListableBeanFactory.doResolveDependency(DefaultListableBeanFactory.java:1306) ~[spring-beans-5.2.6.RELEASE.jar:5.2.6.RELEASE]
	at org.springframework.beans.factory.support.DefaultListableBeanFactory$DependencyObjectProvider.getIfUnique(DefaultListableBeanFactory.java:1963) ~[spring-beans-5.2.6.RELEASE.jar:5.2.6.RELEASE]
	at org.springframework.boot.autoconfigure.liquibase.LiquibaseAutoConfiguration$LiquibaseConfiguration.liquibase(LiquibaseAutoConfiguration.java:103) ~[spring-boot-autoconfigure-2.3.0.RELEASE.jar:2.3.0.RELEASE]
	at java.base/jdk.internal.reflect.NativeMethodAccessorImpl.invoke0(Native Method) ~[na:na]
	at java.base/jdk.internal.reflect.NativeMethodAccessorImpl.invoke(NativeMethodAccessorImpl.java:62) ~[na:na]
	at java.base/jdk.internal.reflect.DelegatingMethodAccessorImpl.invoke(DelegatingMethodAccessorImpl.java:43) ~[na:na]
	at java.base/java.lang.reflect.Method.invoke(Method.java:566) ~[na:na]
	at org.springframework.beans.factory.support.SimpleInstantiationStrategy.instantiate(SimpleInstantiationStrategy.java:154) ~[spring-beans-5.2.6.RELEASE.jar:5.2.6.RELEASE]
	... 23 common frames omitted
Caused by: org.springframework.beans.factory.BeanCreationException: Error creating bean with name 'org.springframework.boot.autoconfigure.jdbc.DataSourceInitializerInvoker': Invocation of init method failed; nested exception is org.springframework.boot.context.properties.source.InvalidConfigurationPropertyValueException: Property spring.datasource.schema with value 'class path resource [db/0.0.1/schema.sql]' is invalid: The specified resource does not exist.
	at org.springframework.beans.factory.support.AbstractAutowireCapableBeanFactory.initializeBean(AbstractAutowireCapableBeanFactory.java:1796) ~[spring-beans-5.2.6.RELEASE.jar:5.2.6.RELEASE]
	at org.springframework.beans.factory.support.AbstractAutowireCapableBeanFactory.doCreateBean(AbstractAutowireCapableBeanFactory.java:595) ~[spring-beans-5.2.6.RELEASE.jar:5.2.6.RELEASE]
	at org.springframework.beans.factory.support.AbstractAutowireCapableBeanFactory.createBean(AbstractAutowireCapableBeanFactory.java:517) ~[spring-beans-5.2.6.RELEASE.jar:5.2.6.RELEASE]
	at org.springframework.beans.factory.support.AbstractBeanFactory.lambda$doGetBean$0(AbstractBeanFactory.java:323) ~[spring-beans-5.2.6.RELEASE.jar:5.2.6.RELEASE]
	at org.springframework.beans.factory.support.DefaultSingletonBeanRegistry.getSingleton(DefaultSingletonBeanRegistry.java:226) ~[spring-beans-5.2.6.RELEASE.jar:5.2.6.RELEASE]
	at org.springframework.beans.factory.support.AbstractBeanFactory.doGetBean(AbstractBeanFactory.java:321) ~[spring-beans-5.2.6.RELEASE.jar:5.2.6.RELEASE]
	at org.springframework.beans.factory.support.AbstractBeanFactory.getBean(AbstractBeanFactory.java:227) ~[spring-beans-5.2.6.RELEASE.jar:5.2.6.RELEASE]
	at org.springframework.beans.factory.support.DefaultListableBeanFactory.resolveNamedBean(DefaultListableBeanFactory.java:1174) ~[spring-beans-5.2.6.RELEASE.jar:5.2.6.RELEASE]
	at org.springframework.beans.factory.support.DefaultListableBeanFactory.resolveBean(DefaultListableBeanFactory.java:422) ~[spring-beans-5.2.6.RELEASE.jar:5.2.6.RELEASE]
	at org.springframework.beans.factory.support.DefaultListableBeanFactory.getBean(DefaultListableBeanFactory.java:352) ~[spring-beans-5.2.6.RELEASE.jar:5.2.6.RELEASE]
	at org.springframework.beans.factory.support.DefaultListableBeanFactory.getBean(DefaultListableBeanFactory.java:345) ~[spring-beans-5.2.6.RELEASE.jar:5.2.6.RELEASE]
	at org.springframework.boot.autoconfigure.jdbc.DataSourceInitializerPostProcessor.postProcessAfterInitialization(DataSourceInitializerPostProcessor.java:52) ~[spring-boot-autoconfigure-2.3.0.RELEASE.jar:2.3.0.RELEASE]
	at org.springframework.beans.factory.support.AbstractAutowireCapableBeanFactory.applyBeanPostProcessorsAfterInitialization(AbstractAutowireCapableBeanFactory.java:431) ~[spring-beans-5.2.6.RELEASE.jar:5.2.6.RELEASE]
	at org.springframework.beans.factory.support.AbstractAutowireCapableBeanFactory.initializeBean(AbstractAutowireCapableBeanFactory.java:1800) ~[spring-beans-5.2.6.RELEASE.jar:5.2.6.RELEASE]
	at org.springframework.beans.factory.support.AbstractAutowireCapableBeanFactory.doCreateBean(AbstractAutowireCapableBeanFactory.java:595) ~[spring-beans-5.2.6.RELEASE.jar:5.2.6.RELEASE]
	... 37 common frames omitted
Caused by: org.springframework.boot.context.properties.source.InvalidConfigurationPropertyValueException: Property spring.datasource.schema with value 'class path resource [db/0.0.1/schema.sql]' is invalid: The specified resource does not exist.
	at org.springframework.boot.autoconfigure.jdbc.DataSourceInitializer.getResources(DataSourceInitializer.java:164) ~[spring-boot-autoconfigure-2.3.0.RELEASE.jar:2.3.0.RELEASE]
	at org.springframework.boot.autoconfigure.jdbc.DataSourceInitializer.getScripts(DataSourceInitializer.java:147) ~[spring-boot-autoconfigure-2.3.0.RELEASE.jar:2.3.0.RELEASE]
	at org.springframework.boot.autoconfigure.jdbc.DataSourceInitializer.createSchema(DataSourceInitializer.java:94) ~[spring-boot-autoconfigure-2.3.0.RELEASE.jar:2.3.0.RELEASE]
	at org.springframework.boot.autoconfigure.jdbc.DataSourceInitializerInvoker.afterPropertiesSet(DataSourceInitializerInvoker.java:63) ~[spring-boot-autoconfigure-2.3.0.RELEASE.jar:2.3.0.RELEASE]
	at org.springframework.beans.factory.support.AbstractAutowireCapableBeanFactory.invokeInitMethods(AbstractAutowireCapableBeanFactory.java:1855) ~[spring-beans-5.2.6.RELEASE.jar:5.2.6.RELEASE]
	at org.springframework.beans.factory.support.AbstractAutowireCapableBeanFactory.initializeBean(AbstractAutowireCapableBeanFactory.java:1792) ~[spring-beans-5.2.6.RELEASE.jar:5.2.6.RELEASE]
	... 51 common frames omitted

2022-11-07 15:04:29.248  WARN 15460 --- [main] o.s.boot.SpringApplication               : Unable to close ApplicationContext

org.springframework.beans.factory.BeanCreationException: Error creating bean with name 'applicationAvailability' defined in class path resource [org/springframework/boot/autoconfigure/availability/ApplicationAvailabilityAutoConfiguration.class]: BeanPostProcessor before instantiation of bean failed; nested exception is org.springframework.beans.factory.BeanCreationException: Error creating bean with name 'org.springframework.transaction.annotation.ProxyTransactionManagementConfiguration': Initialization of bean failed; nested exception is org.springframework.beans.factory.NoSuchBeanDefinitionException: No bean named 'org.springframework.context.annotation.ConfigurationClassPostProcessor.importRegistry' available
	at org.springframework.beans.factory.support.AbstractAutowireCapableBeanFactory.createBean(AbstractAutowireCapableBeanFactory.java:512) ~[spring-beans-5.2.6.RELEASE.jar:5.2.6.RELEASE]
	at org.springframework.beans.factory.support.AbstractBeanFactory.lambda$doGetBean$0(AbstractBeanFactory.java:323) ~[spring-beans-5.2.6.RELEASE.jar:5.2.6.RELEASE]
	at org.springframework.beans.factory.support.DefaultSingletonBeanRegistry.getSingleton(DefaultSingletonBeanRegistry.java:226) ~[spring-beans-5.2.6.RELEASE.jar:5.2.6.RELEASE]
	at org.springframework.beans.factory.support.AbstractBeanFactory.doGetBean(AbstractBeanFactory.java:321) ~[spring-beans-5.2.6.RELEASE.jar:5.2.6.RELEASE]
	at org.springframework.beans.factory.support.AbstractBeanFactory.getBean(AbstractBeanFactory.java:207) ~[spring-beans-5.2.6.RELEASE.jar:5.2.6.RELEASE]
	at org.springframework.context.event.AbstractApplicationEventMulticaster.retrieveApplicationListeners(AbstractApplicationEventMulticaster.java:245) ~[spring-context-5.2.6.RELEASE.jar:5.2.6.RELEASE]
	at org.springframework.context.event.AbstractApplicationEventMulticaster.getApplicationListeners(AbstractApplicationEventMulticaster.java:197) ~[spring-context-5.2.6.RELEASE.jar:5.2.6.RELEASE]
	at org.springframework.context.event.SimpleApplicationEventMulticaster.multicastEvent(SimpleApplicationEventMulticaster.java:134) ~[spring-context-5.2.6.RELEASE.jar:5.2.6.RELEASE]
	at org.springframework.context.support.AbstractApplicationContext.publishEvent(AbstractApplicationContext.java:403) ~[spring-context-5.2.6.RELEASE.jar:5.2.6.RELEASE]
	at org.springframework.context.support.AbstractApplicationContext.publishEvent(AbstractApplicationContext.java:360) ~[spring-context-5.2.6.RELEASE.jar:5.2.6.RELEASE]
	at org.springframework.boot.availability.AvailabilityChangeEvent.publish(AvailabilityChangeEvent.java:81) ~[spring-boot-2.3.0.RELEASE.jar:2.3.0.RELEASE]
	at org.springframework.boot.availability.AvailabilityChangeEvent.publish(AvailabilityChangeEvent.java:67) ~[spring-boot-2.3.0.RELEASE.jar:2.3.0.RELEASE]
	at org.springframework.boot.web.servlet.context.ServletWebServerApplicationContext.doClose(ServletWebServerApplicationContext.java:167) ~[spring-boot-2.3.0.RELEASE.jar:2.3.0.RELEASE]
	at org.springframework.context.support.AbstractApplicationContext.close(AbstractApplicationContext.java:978) ~[spring-context-5.2.6.RELEASE.jar:5.2.6.RELEASE]
	at org.springframework.boot.SpringApplication.handleRunFailure(SpringApplication.java:814) ~[spring-boot-2.3.0.RELEASE.jar:2.3.0.RELEASE]
	at org.springframework.boot.SpringApplication.run(SpringApplication.java:325) ~[spring-boot-2.3.0.RELEASE.jar:2.3.0.RELEASE]
	at org.springframework.boot.SpringApplication.run(SpringApplication.java:1237) ~[spring-boot-2.3.0.RELEASE.jar:2.3.0.RELEASE]
	at org.springframework.boot.SpringApplication.run(SpringApplication.java:1226) ~[spring-boot-2.3.0.RELEASE.jar:2.3.0.RELEASE]
	at liga.medical.personservice.core.PersonServiceApplication.main(PersonServiceApplication.java:12) ~[classes/:na]
Caused by: org.springframework.beans.factory.BeanCreationException: Error creating bean with name 'org.springframework.transaction.annotation.ProxyTransactionManagementConfiguration': Initialization of bean failed; nested exception is org.springframework.beans.factory.NoSuchBeanDefinitionException: No bean named 'org.springframework.context.annotation.ConfigurationClassPostProcessor.importRegistry' available
	at org.springframework.beans.factory.support.AbstractAutowireCapableBeanFactory.doCreateBean(AbstractAutowireCapableBeanFactory.java:603) ~[spring-beans-5.2.6.RELEASE.jar:5.2.6.RELEASE]
	at org.springframework.beans.factory.support.AbstractAutowireCapableBeanFactory.createBean(AbstractAutowireCapableBeanFactory.java:517) ~[spring-beans-5.2.6.RELEASE.jar:5.2.6.RELEASE]
	at org.springframework.beans.factory.support.AbstractBeanFactory.lambda$doGetBean$0(AbstractBeanFactory.java:323) ~[spring-beans-5.2.6.RELEASE.jar:5.2.6.RELEASE]
	at org.springframework.beans.factory.support.DefaultSingletonBeanRegistry.getSingleton(DefaultSingletonBeanRegistry.java:226) ~[spring-beans-5.2.6.RELEASE.jar:5.2.6.RELEASE]
	at org.springframework.beans.factory.support.AbstractBeanFactory.doGetBean(AbstractBeanFactory.java:321) ~[spring-beans-5.2.6.RELEASE.jar:5.2.6.RELEASE]
	at org.springframework.beans.factory.support.AbstractBeanFactory.getBean(AbstractBeanFactory.java:202) ~[spring-beans-5.2.6.RELEASE.jar:5.2.6.RELEASE]
	at org.springframework.beans.factory.support.ConstructorResolver.instantiateUsingFactoryMethod(ConstructorResolver.java:409) ~[spring-beans-5.2.6.RELEASE.jar:5.2.6.RELEASE]
	at org.springframework.beans.factory.support.AbstractAutowireCapableBeanFactory.instantiateUsingFactoryMethod(AbstractAutowireCapableBeanFactory.java:1338) ~[spring-beans-5.2.6.RELEASE.jar:5.2.6.RELEASE]
	at org.springframework.beans.factory.support.AbstractAutowireCapableBeanFactory.createBeanInstance(AbstractAutowireCapableBeanFactory.java:1177) ~[spring-beans-5.2.6.RELEASE.jar:5.2.6.RELEASE]
	at org.springframework.beans.factory.support.AbstractAutowireCapableBeanFactory.doCreateBean(AbstractAutowireCapableBeanFactory.java:557) ~[spring-beans-5.2.6.RELEASE.jar:5.2.6.RELEASE]
	at org.springframework.beans.factory.support.AbstractAutowireCapableBeanFactory.createBean(AbstractAutowireCapableBeanFactory.java:517) ~[spring-beans-5.2.6.RELEASE.jar:5.2.6.RELEASE]
	at org.springframework.beans.factory.support.AbstractBeanFactory.lambda$doGetBean$0(AbstractBeanFactory.java:323) ~[spring-beans-5.2.6.RELEASE.jar:5.2.6.RELEASE]
	at org.springframework.beans.factory.support.DefaultSingletonBeanRegistry.getSingleton(DefaultSingletonBeanRegistry.java:226) ~[spring-beans-5.2.6.RELEASE.jar:5.2.6.RELEASE]
	at org.springframework.beans.factory.support.AbstractBeanFactory.doGetBean(AbstractBeanFactory.java:321) ~[spring-beans-5.2.6.RELEASE.jar:5.2.6.RELEASE]
	at org.springframework.beans.factory.support.AbstractBeanFactory.getBean(AbstractBeanFactory.java:207) ~[spring-beans-5.2.6.RELEASE.jar:5.2.6.RELEASE]
	at org.springframework.aop.framework.autoproxy.BeanFactoryAdvisorRetrievalHelper.findAdvisorBeans(BeanFactoryAdvisorRetrievalHelper.java:91) ~[spring-aop-5.2.6.RELEASE.jar:5.2.6.RELEASE]
	at org.springframework.aop.framework.autoproxy.AbstractAdvisorAutoProxyCreator.findCandidateAdvisors(AbstractAdvisorAutoProxyCreator.java:109) ~[spring-aop-5.2.6.RELEASE.jar:5.2.6.RELEASE]
	at org.springframework.aop.aspectj.annotation.AnnotationAwareAspectJAutoProxyCreator.findCandidateAdvisors(AnnotationAwareAspectJAutoProxyCreator.java:92) ~[spring-aop-5.2.6.RELEASE.jar:5.2.6.RELEASE]
	at org.springframework.aop.aspectj.autoproxy.AspectJAwareAdvisorAutoProxyCreator.shouldSkip(AspectJAwareAdvisorAutoProxyCreator.java:101) ~[spring-aop-5.2.6.RELEASE.jar:5.2.6.RELEASE]
	at org.springframework.aop.framework.autoproxy.AbstractAutoProxyCreator.postProcessBeforeInstantiation(AbstractAutoProxyCreator.java:251) ~[spring-aop-5.2.6.RELEASE.jar:5.2.6.RELEASE]
	at org.springframework.beans.factory.support.AbstractAutowireCapableBeanFactory.applyBeanPostProcessorsBeforeInstantiation(AbstractAutowireCapableBeanFactory.java:1141) ~[spring-beans-5.2.6.RELEASE.jar:5.2.6.RELEASE]
	at org.springframework.beans.factory.support.AbstractAutowireCapableBeanFactory.resolveBeforeInstantiation(AbstractAutowireCapableBeanFactory.java:1114) ~[spring-beans-5.2.6.RELEASE.jar:5.2.6.RELEASE]
	at org.springframework.beans.factory.support.AbstractAutowireCapableBeanFactory.createBean(AbstractAutowireCapableBeanFactory.java:506) ~[spring-beans-5.2.6.RELEASE.jar:5.2.6.RELEASE]
	... 18 common frames omitted
Caused by: org.springframework.beans.factory.NoSuchBeanDefinitionException: No bean named 'org.springframework.context.annotation.ConfigurationClassPostProcessor.importRegistry' available
	at org.springframework.beans.factory.support.DefaultListableBeanFactory.getBeanDefinition(DefaultListableBeanFactory.java:814) ~[spring-beans-5.2.6.RELEASE.jar:5.2.6.RELEASE]
	at org.springframework.beans.factory.support.AbstractBeanFactory.getMergedLocalBeanDefinition(AbstractBeanFactory.java:1282) ~[spring-beans-5.2.6.RELEASE.jar:5.2.6.RELEASE]
	at org.springframework.beans.factory.support.AbstractBeanFactory.doGetBean(AbstractBeanFactory.java:297) ~[spring-beans-5.2.6.RELEASE.jar:5.2.6.RELEASE]
	at org.springframework.beans.factory.support.AbstractBeanFactory.getBean(AbstractBeanFactory.java:207) ~[spring-beans-5.2.6.RELEASE.jar:5.2.6.RELEASE]
	at org.springframework.context.annotation.ConfigurationClassPostProcessor$ImportAwareBeanPostProcessor.postProcessBeforeInitialization(ConfigurationClassPostProcessor.java:456) ~[spring-context-5.2.6.RELEASE.jar:5.2.6.RELEASE]
	at org.springframework.beans.factory.support.AbstractAutowireCapableBeanFactory.applyBeanPostProcessorsBeforeInitialization(AbstractAutowireCapableBeanFactory.java:416) ~[spring-beans-5.2.6.RELEASE.jar:5.2.6.RELEASE]
	at org.springframework.beans.factory.support.AbstractAutowireCapableBeanFactory.initializeBean(AbstractAutowireCapableBeanFactory.java:1788) ~[spring-beans-5.2.6.RELEASE.jar:5.2.6.RELEASE]
	at org.springframework.beans.factory.support.AbstractAutowireCapableBeanFactory.doCreateBean(AbstractAutowireCapableBeanFactory.java:595) ~[spring-beans-5.2.6.RELEASE.jar:5.2.6.RELEASE]
	... 40 common frames omitted

2022-11-07 15:06:11.189  INFO 17356 --- [main] l.m.p.core.PersonServiceApplication      : Starting PersonServiceApplication on LAPTOP-NBFJF94I with PID 17356 (C:\Users\Полина\Downloads\person-service\core\target\classes started by Полина in C:\Users\Полина\Downloads\person-service)
2022-11-07 15:06:11.199  INFO 17356 --- [main] l.m.p.core.PersonServiceApplication      : No active profile set, falling back to default profiles: default
2022-11-07 15:06:14.015  INFO 17356 --- [main] .s.d.r.c.RepositoryConfigurationDelegate : Multiple Spring Data modules found, entering strict repository configuration mode!
2022-11-07 15:06:14.018  INFO 17356 --- [main] .s.d.r.c.RepositoryConfigurationDelegate : Bootstrapping Spring Data JDBC repositories in DEFAULT mode.
2022-11-07 15:06:14.057  INFO 17356 --- [main] .s.d.r.c.RepositoryConfigurationDelegate : Finished Spring Data repository scanning in 27ms. Found 0 JDBC repository interfaces.
2022-11-07 15:06:14.079  INFO 17356 --- [main] .s.d.r.c.RepositoryConfigurationDelegate : Multiple Spring Data modules found, entering strict repository configuration mode!
2022-11-07 15:06:14.080  INFO 17356 --- [main] .s.d.r.c.RepositoryConfigurationDelegate : Bootstrapping Spring Data JPA repositories in DEFERRED mode.
2022-11-07 15:06:14.110  INFO 17356 --- [main] .s.d.r.c.RepositoryConfigurationDelegate : Finished Spring Data repository scanning in 19ms. Found 0 JPA repository interfaces.
2022-11-07 15:06:15.562  INFO 17356 --- [main] o.s.b.w.embedded.tomcat.TomcatWebServer  : Tomcat initialized with port(s): 8084 (http)
2022-11-07 15:06:15.590  INFO 17356 --- [main] o.apache.catalina.core.StandardService   : Starting service [Tomcat]
2022-11-07 15:06:15.591  INFO 17356 --- [main] org.apache.catalina.core.StandardEngine  : Starting Servlet engine: [Apache Tomcat/9.0.35]
2022-11-07 15:06:15.949  INFO 17356 --- [main] o.a.c.c.C.[Tomcat].[localhost].[/]       : Initializing Spring embedded WebApplicationContext
2022-11-07 15:06:15.950  INFO 17356 --- [main] o.s.web.context.ContextLoader            : Root WebApplicationContext: initialization completed in 4653 ms
2022-11-07 15:06:16.531  INFO 17356 --- [main] com.zaxxer.hikari.HikariDataSource       : HikariPool-1 - Starting...
2022-11-07 15:06:16.801  INFO 17356 --- [main] com.zaxxer.hikari.HikariDataSource       : HikariPool-1 - Start completed.
2022-11-07 15:06:17.515  INFO 17356 --- [main] liquibase.database                       : Set default schema name to public
2022-11-07 15:06:17.706  INFO 17356 --- [main] liquibase.lockservice                    : Successfully acquired change log lock
2022-11-07 15:06:18.305  INFO 17356 --- [main] liquibase.changelog                      : Reading from public.databasechangelog
2022-11-07 15:06:18.457  INFO 17356 --- [main] liquibase.lockservice                    : Successfully released change log lock
2022-11-07 15:06:18.672  INFO 17356 --- [main] o.s.s.concurrent.ThreadPoolTaskExecutor  : Initializing ExecutorService 'applicationTaskExecutor'
2022-11-07 15:06:18.785  INFO 17356 --- [task-1] o.hibernate.jpa.internal.util.LogHelper  : HHH000204: Processing PersistenceUnitInfo [name: default]
2022-11-07 15:06:18.939  INFO 17356 --- [task-1] org.hibernate.Version                    : HHH000412: Hibernate ORM core version 5.4.15.Final
2022-11-07 15:06:19.209  WARN 17356 --- [main] JpaBaseConfiguration$JpaWebConfiguration : spring.jpa.open-in-view is enabled by default. Therefore, database queries may be performed during view rendering. Explicitly configure spring.jpa.open-in-view to disable this warning
2022-11-07 15:06:19.283  INFO 17356 --- [task-1] o.hibernate.annotations.common.Version   : HCANN000001: Hibernate Commons Annotations {5.1.0.Final}
2022-11-07 15:06:19.630  INFO 17356 --- [task-1] org.hibernate.dialect.Dialect            : HHH000400: Using dialect: org.hibernate.dialect.PostgreSQL10Dialect
2022-11-07 15:06:19.843  WARN 17356 --- [main] ion$DefaultTemplateResolverConfiguration : Cannot find template location: = classpath:/templates (please add some templates or check your Thymeleaf configuration)
2022-11-07 15:06:20.189  INFO 17356 --- [task-1] o.h.e.t.j.p.i.JtaPlatformInitiator       : HHH000490: Using JtaPlatform implementation: [org.hibernate.engine.transaction.jta.platform.internal.NoJtaPlatform]
2022-11-07 15:06:20.213  INFO 17356 --- [task-1] j.LocalContainerEntityManagerFactoryBean : Initialized JPA EntityManagerFactory for persistence unit 'default'
2022-11-07 15:06:20.490  INFO 17356 --- [main] .s.s.UserDetailsServiceAutoConfiguration : 

Using generated security password: 6e522e45-29e4-407f-86a3-f755f5c91efc

2022-11-07 15:06:20.744  INFO 17356 --- [main] o.s.s.web.DefaultSecurityFilterChain     : Creating filter chain: any request, [org.springframework.security.web.context.request.async.WebAsyncManagerIntegrationFilter@196d684b, org.springframework.security.web.context.SecurityContextPersistenceFilter@4cf01c41, org.springframework.security.web.header.HeaderWriterFilter@4e9ea32f, org.springframework.security.web.csrf.CsrfFilter@1c610f, org.springframework.security.web.authentication.logout.LogoutFilter@5c9b5e62, org.springframework.security.web.authentication.UsernamePasswordAuthenticationFilter@72ec16f8, org.springframework.security.web.authentication.ui.DefaultLoginPageGeneratingFilter@257b3561, org.springframework.security.web.authentication.ui.DefaultLogoutPageGeneratingFilter@45d38165, org.springframework.security.web.authentication.www.BasicAuthenticationFilter@6f428e6e, org.springframework.security.web.savedrequest.RequestCacheAwareFilter@55f6f965, org.springframework.security.web.servletapi.SecurityContextHolderAwareRequestFilter@5e80d5, org.springframework.security.web.authentication.AnonymousAuthenticationFilter@1f3f434, org.springframework.security.web.session.SessionManagementFilter@56ba8e8c, org.springframework.security.web.access.ExceptionTranslationFilter@b849fa6, org.springframework.security.web.access.intercept.FilterSecurityInterceptor@924f3f1]
2022-11-07 15:06:21.050  INFO 17356 --- [main] o.s.b.a.e.web.EndpointLinksResolver      : Exposing 12 endpoint(s) beneath base path '/actuator'
2022-11-07 15:06:21.206  INFO 17356 --- [main] o.s.b.w.embedded.tomcat.TomcatWebServer  : Tomcat started on port(s): 8084 (http) with context path ''
2022-11-07 15:06:21.210  INFO 17356 --- [main] DeferredRepositoryInitializationListener : Triggering deferred initialization of Spring Data repositories…
2022-11-07 15:06:21.212  INFO 17356 --- [main] DeferredRepositoryInitializationListener : Spring Data repositories initialized!
2022-11-07 15:06:21.251  INFO 17356 --- [main] l.m.p.core.PersonServiceApplication      : Started PersonServiceApplication in 11.049 seconds (JVM running for 13.266)
2022-11-07 15:06:22.050  INFO 17356 --- [RMI TCP Connection(2)-192.168.31.12] o.a.c.c.C.[Tomcat].[localhost].[/]       : Initializing Spring DispatcherServlet 'dispatcherServlet'
2022-11-07 15:06:22.051  INFO 17356 --- [RMI TCP Connection(2)-192.168.31.12] o.s.web.servlet.DispatcherServlet        : Initializing Servlet 'dispatcherServlet'
2022-11-07 15:06:22.068  INFO 17356 --- [RMI TCP Connection(2)-192.168.31.12] o.s.web.servlet.DispatcherServlet        : Completed initialization in 16 ms
2022-11-07 15:36:03.921  INFO 17356 --- [SpringContextShutdownHook] j.LocalContainerEntityManagerFactoryBean : Closing JPA EntityManagerFactory for persistence unit 'default'
2022-11-07 15:36:04.001  INFO 17356 --- [SpringContextShutdownHook] o.s.s.concurrent.ThreadPoolTaskExecutor  : Shutting down ExecutorService 'applicationTaskExecutor'
2022-11-07 15:36:04.015  INFO 17356 --- [SpringContextShutdownHook] com.zaxxer.hikari.HikariDataSource       : HikariPool-1 - Shutdown initiated...
2022-11-07 15:36:04.058  INFO 17356 --- [SpringContextShutdownHook] com.zaxxer.hikari.HikariDataSource       : HikariPool-1 - Shutdown completed.
2022-11-07 16:28:09.424  INFO 16620 --- [main] l.m.p.core.PersonServiceApplication      : Starting PersonServiceApplication on LAPTOP-NBFJF94I with PID 16620 (C:\Users\Полина\Downloads\person-service\core\target\classes started by Полина in C:\Users\Полина\Downloads\person-service)
2022-11-07 16:28:09.430  INFO 16620 --- [main] l.m.p.core.PersonServiceApplication      : No active profile set, falling back to default profiles: default
2022-11-07 16:28:12.526  INFO 16620 --- [main] .s.d.r.c.RepositoryConfigurationDelegate : Multiple Spring Data modules found, entering strict repository configuration mode!
2022-11-07 16:28:12.528  INFO 16620 --- [main] .s.d.r.c.RepositoryConfigurationDelegate : Bootstrapping Spring Data JDBC repositories in DEFAULT mode.
2022-11-07 16:28:12.561  INFO 16620 --- [main] .s.d.r.c.RepositoryConfigurationDelegate : Finished Spring Data repository scanning in 23ms. Found 0 JDBC repository interfaces.
2022-11-07 16:28:12.583  INFO 16620 --- [main] .s.d.r.c.RepositoryConfigurationDelegate : Multiple Spring Data modules found, entering strict repository configuration mode!
2022-11-07 16:28:12.584  INFO 16620 --- [main] .s.d.r.c.RepositoryConfigurationDelegate : Bootstrapping Spring Data JPA repositories in DEFERRED mode.
2022-11-07 16:28:12.606  INFO 16620 --- [main] .s.d.r.c.RepositoryConfigurationDelegate : Finished Spring Data repository scanning in 14ms. Found 0 JPA repository interfaces.
2022-11-07 16:28:14.156  INFO 16620 --- [main] o.s.b.w.embedded.tomcat.TomcatWebServer  : Tomcat initialized with port(s): 8084 (http)
2022-11-07 16:28:14.186  INFO 16620 --- [main] o.apache.catalina.core.StandardService   : Starting service [Tomcat]
2022-11-07 16:28:14.187  INFO 16620 --- [main] org.apache.catalina.core.StandardEngine  : Starting Servlet engine: [Apache Tomcat/9.0.35]
2022-11-07 16:28:14.559  INFO 16620 --- [main] o.a.c.c.C.[Tomcat].[localhost].[/]       : Initializing Spring embedded WebApplicationContext
2022-11-07 16:28:14.560  INFO 16620 --- [main] o.s.web.context.ContextLoader            : Root WebApplicationContext: initialization completed in 5043 ms
2022-11-07 16:28:15.502  INFO 16620 --- [main] com.zaxxer.hikari.HikariDataSource       : HikariPool-1 - Starting...
2022-11-07 16:28:15.885  INFO 16620 --- [main] com.zaxxer.hikari.HikariDataSource       : HikariPool-1 - Start completed.
2022-11-07 16:28:16.755  INFO 16620 --- [main] liquibase.database                       : Set default schema name to public
2022-11-07 16:28:16.935  INFO 16620 --- [main] liquibase.lockservice                    : Successfully acquired change log lock
2022-11-07 16:28:17.458  INFO 16620 --- [main] liquibase.changelog                      : Reading from public.databasechangelog
2022-11-07 16:28:17.544  INFO 16620 --- [main] liquibase.lockservice                    : Successfully released change log lock
2022-11-07 16:28:17.729  INFO 16620 --- [main] o.s.s.concurrent.ThreadPoolTaskExecutor  : Initializing ExecutorService 'applicationTaskExecutor'
2022-11-07 16:28:17.829  INFO 16620 --- [task-1] o.hibernate.jpa.internal.util.LogHelper  : HHH000204: Processing PersistenceUnitInfo [name: default]
2022-11-07 16:28:18.112  INFO 16620 --- [task-1] org.hibernate.Version                    : HHH000412: Hibernate ORM core version 5.4.15.Final
2022-11-07 16:28:18.461  INFO 16620 --- [task-1] o.hibernate.annotations.common.Version   : HCANN000001: Hibernate Commons Annotations {5.1.0.Final}
2022-11-07 16:28:18.764  INFO 16620 --- [task-1] org.hibernate.dialect.Dialect            : HHH000400: Using dialect: org.hibernate.dialect.PostgreSQL10Dialect
2022-11-07 16:28:18.876  WARN 16620 --- [main] JpaBaseConfiguration$JpaWebConfiguration : spring.jpa.open-in-view is enabled by default. Therefore, database queries may be performed during view rendering. Explicitly configure spring.jpa.open-in-view to disable this warning
2022-11-07 16:28:19.334  INFO 16620 --- [task-1] o.h.e.t.j.p.i.JtaPlatformInitiator       : HHH000490: Using JtaPlatform implementation: [org.hibernate.engine.transaction.jta.platform.internal.NoJtaPlatform]
2022-11-07 16:28:19.363  INFO 16620 --- [task-1] j.LocalContainerEntityManagerFactoryBean : Initialized JPA EntityManagerFactory for persistence unit 'default'
2022-11-07 16:28:19.455  INFO 16620 --- [main] o.s.b.a.e.web.EndpointLinksResolver      : Exposing 12 endpoint(s) beneath base path '/actuator'
2022-11-07 16:28:20.129  WARN 16620 --- [main] ion$DefaultTemplateResolverConfiguration : Cannot find template location: = classpath:/templates (please add some templates or check your Thymeleaf configuration)
2022-11-07 16:28:20.513  INFO 16620 --- [main] .s.s.UserDetailsServiceAutoConfiguration : 

Using generated security password: 3d21fd73-db0e-4188-a7b1-043b9ab16ff3

2022-11-07 16:28:20.710  INFO 16620 --- [main] o.s.s.web.DefaultSecurityFilterChain     : Creating filter chain: any request, [org.springframework.security.web.context.request.async.WebAsyncManagerIntegrationFilter@7a689979, org.springframework.security.web.context.SecurityContextPersistenceFilter@1d4e06bb, org.springframework.security.web.header.HeaderWriterFilter@77aeba9b, org.springframework.security.web.csrf.CsrfFilter@37dc7661, org.springframework.security.web.authentication.logout.LogoutFilter@3d00e981, org.springframework.security.web.authentication.UsernamePasswordAuthenticationFilter@ff12b53, org.springframework.security.web.authentication.ui.DefaultLoginPageGeneratingFilter@1d7d968c, org.springframework.security.web.authentication.ui.DefaultLogoutPageGeneratingFilter@164db8f0, org.springframework.security.web.authentication.www.BasicAuthenticationFilter@612531a3, org.springframework.security.web.savedrequest.RequestCacheAwareFilter@4529048e, org.springframework.security.web.servletapi.SecurityContextHolderAwareRequestFilter@524c3e54, org.springframework.security.web.authentication.AnonymousAuthenticationFilter@8a7cd7c, org.springframework.security.web.session.SessionManagementFilter@64d1f549, org.springframework.security.web.access.ExceptionTranslationFilter@68722de3, org.springframework.security.web.access.intercept.FilterSecurityInterceptor@4a65c40]
2022-11-07 16:28:21.133  INFO 16620 --- [main] o.s.b.w.embedded.tomcat.TomcatWebServer  : Tomcat started on port(s): 8084 (http) with context path ''
2022-11-07 16:28:21.605  INFO 16620 --- [main] DeferredRepositoryInitializationListener : Triggering deferred initialization of Spring Data repositories…
2022-11-07 16:28:21.606  INFO 16620 --- [main] DeferredRepositoryInitializationListener : Spring Data repositories initialized!
2022-11-07 16:28:21.641  INFO 16620 --- [main] l.m.p.core.PersonServiceApplication      : Started PersonServiceApplication in 13.255 seconds (JVM running for 16.822)
2022-11-07 16:28:22.507  INFO 16620 --- [RMI TCP Connection(1)-192.168.31.12] o.a.c.c.C.[Tomcat].[localhost].[/]       : Initializing Spring DispatcherServlet 'dispatcherServlet'
2022-11-07 16:28:22.508  INFO 16620 --- [RMI TCP Connection(1)-192.168.31.12] o.s.web.servlet.DispatcherServlet        : Initializing Servlet 'dispatcherServlet'
2022-11-07 16:28:22.529  INFO 16620 --- [RMI TCP Connection(1)-192.168.31.12] o.s.web.servlet.DispatcherServlet        : Completed initialization in 20 ms
2022-11-07 16:28:45.505  WARN 16620 --- [http-nio-8084-exec-1] o.a.c.util.SessionIdGeneratorBase        : Creation of SecureRandom instance for session ID generation using [SHA1PRNG] took [288] milliseconds.
2022-11-07 16:34:12.252  INFO 16620 --- [SpringContextShutdownHook] j.LocalContainerEntityManagerFactoryBean : Closing JPA EntityManagerFactory for persistence unit 'default'
2022-11-07 16:34:12.260  INFO 16620 --- [SpringContextShutdownHook] o.s.s.concurrent.ThreadPoolTaskExecutor  : Shutting down ExecutorService 'applicationTaskExecutor'
2022-11-07 16:34:12.264  INFO 16620 --- [SpringContextShutdownHook] com.zaxxer.hikari.HikariDataSource       : HikariPool-1 - Shutdown initiated...
2022-11-07 16:34:12.281  INFO 16620 --- [SpringContextShutdownHook] com.zaxxer.hikari.HikariDataSource       : HikariPool-1 - Shutdown completed.
